0 info it worked if it ends with ok
1 verbose cli [ '/usr/bin/node',
1 verbose cli   '/usr/bin/npm',
1 verbose cli   'install',
1 verbose cli   '-g',
1 verbose cli   'learnyoureact' ]
2 info using npm@1.4.28
3 info using node@v0.10.37
4 verbose node symlink /usr/bin/node
5 verbose cache add [ 'learnyoureact', null ]
6 verbose cache add name=undefined spec="learnyoureact" args=["learnyoureact",null]
7 verbose parsed url { protocol: null,
7 verbose parsed url   slashes: null,
7 verbose parsed url   auth: null,
7 verbose parsed url   host: null,
7 verbose parsed url   port: null,
7 verbose parsed url   hostname: null,
7 verbose parsed url   hash: null,
7 verbose parsed url   search: null,
7 verbose parsed url   query: null,
7 verbose parsed url   pathname: 'learnyoureact',
7 verbose parsed url   path: 'learnyoureact',
7 verbose parsed url   href: 'learnyoureact' }
8 silly lockFile 76688264-learnyoureact learnyoureact
9 verbose lock learnyoureact /home/boom/.npm/76688264-learnyoureact.lock
10 silly lockFile 76688264-learnyoureact learnyoureact
11 silly lockFile 76688264-learnyoureact learnyoureact
12 verbose addNamed [ 'learnyoureact', '' ]
13 verbose addNamed [ null, '*' ]
14 silly lockFile 0d75f34c-learnyoureact learnyoureact@
15 verbose lock learnyoureact@ /home/boom/.npm/0d75f34c-learnyoureact.lock
16 silly addNameRange { name: 'learnyoureact', range: '*', hasData: false }
17 verbose request where is /learnyoureact
18 verbose request registry https://registry.npmjs.org/
19 verbose request id 45d34b037335b494
20 verbose url raw /learnyoureact
21 verbose url resolving [ 'https://registry.npmjs.org/', './learnyoureact' ]
22 verbose url resolved https://registry.npmjs.org/learnyoureact
23 verbose request where is https://registry.npmjs.org/learnyoureact
24 info trying registry request attempt 1 at 16:28:39
25 http GET https://registry.npmjs.org/learnyoureact
26 http 200 https://registry.npmjs.org/learnyoureact
27 silly registry.get cb [ 200,
27 silly registry.get   { server: 'CouchDB/1.5.0 (Erlang OTP/R16B03)',
27 silly registry.get     etag: '"A1DI6H56UH1Z481MJIVY1U9QY"',
27 silly registry.get     'content-type': 'application/json',
27 silly registry.get     'cache-control': 'max-age=60',
27 silly registry.get     'content-length': '87171',
27 silly registry.get     'accept-ranges': 'bytes',
27 silly registry.get     date: 'Tue, 30 Jun 2015 23:28:40 GMT',
27 silly registry.get     via: '1.1 varnish',
27 silly registry.get     age: '0',
27 silly registry.get     connection: 'keep-alive',
27 silly registry.get     'x-served-by': 'cache-sjc3131-SJC',
27 silly registry.get     'x-cache': 'MISS',
27 silly registry.get     'x-cache-hits': '0',
27 silly registry.get     'x-timer': 'S1435706919.698914,VS0,VE328',
27 silly registry.get     vary: 'Accept' } ]
28 silly addNameRange number 2 { name: 'learnyoureact', range: '*', hasData: true }
29 silly addNameRange versions [ 'learnyoureact',
29 silly addNameRange   [ '0.0.1',
29 silly addNameRange     '0.0.2',
29 silly addNameRange     '0.0.3',
29 silly addNameRange     '0.0.4',
29 silly addNameRange     '0.0.5',
29 silly addNameRange     '0.0.6',
29 silly addNameRange     '0.0.7',
29 silly addNameRange     '0.0.8',
29 silly addNameRange     '0.0.9',
29 silly addNameRange     '0.0.10',
29 silly addNameRange     '0.0.11',
29 silly addNameRange     '0.0.12',
29 silly addNameRange     '0.0.13',
29 silly addNameRange     '0.0.14',
29 silly addNameRange     '0.0.16',
29 silly addNameRange     '0.0.17',
29 silly addNameRange     '0.0.18',
29 silly addNameRange     '0.0.19',
29 silly addNameRange     '0.0.20',
29 silly addNameRange     '0.0.21',
29 silly addNameRange     '0.0.22',
29 silly addNameRange     '0.0.23',
29 silly addNameRange     '0.0.24',
29 silly addNameRange     '0.0.25',
29 silly addNameRange     '0.0.26',
29 silly addNameRange     '0.0.27',
29 silly addNameRange     '0.1.0',
29 silly addNameRange     '0.1.1',
29 silly addNameRange     '0.2.0',
29 silly addNameRange     '0.2.1',
29 silly addNameRange     '0.3.0',
29 silly addNameRange     '0.4.0',
29 silly addNameRange     '0.4.1',
29 silly addNameRange     '0.4.2',
29 silly addNameRange     '0.4.3',
29 silly addNameRange     '0.4.4',
29 silly addNameRange     '0.4.5',
29 silly addNameRange     '0.4.6',
29 silly addNameRange     '0.4.7',
29 silly addNameRange     '0.4.8',
29 silly addNameRange     '0.4.999999999',
29 silly addNameRange     '0.5.0',
29 silly addNameRange     '0.5.1',
29 silly addNameRange     '0.5.2',
29 silly addNameRange     '0.5.3',
29 silly addNameRange     '0.5.4',
29 silly addNameRange     '0.5.5',
29 silly addNameRange     '0.5.6',
29 silly addNameRange     '0.5.7',
29 silly addNameRange     '0.6.0',
29 silly addNameRange     '0.7.0',
29 silly addNameRange     '0.8.0',
29 silly addNameRange     '0.8.1',
29 silly addNameRange     '0.9.0',
29 silly addNameRange     '0.9.1',
29 silly addNameRange     '0.9.2',
29 silly addNameRange     '0.9.3',
29 silly addNameRange     '0.9.4',
29 silly addNameRange     '0.9.5',
29 silly addNameRange     '0.9.6',
29 silly addNameRange     '0.9.7' ] ]
30 verbose addNamed [ 'learnyoureact', '0.9.7' ]
31 verbose addNamed [ '0.9.7', '0.9.7' ]
32 silly lockFile 859c007f-learnyoureact-0-9-7 learnyoureact@0.9.7
33 verbose lock learnyoureact@0.9.7 /home/boom/.npm/859c007f-learnyoureact-0-9-7.lock
34 silly lockFile 65c034bf-youreact-learnyoureact-0-9-7-tgz https://registry.npmjs.org/learnyoureact/-/learnyoureact-0.9.7.tgz
35 verbose lock https://registry.npmjs.org/learnyoureact/-/learnyoureact-0.9.7.tgz /home/boom/.npm/65c034bf-youreact-learnyoureact-0-9-7-tgz.lock
36 verbose addRemoteTarball [ 'https://registry.npmjs.org/learnyoureact/-/learnyoureact-0.9.7.tgz',
36 verbose addRemoteTarball   'e35e77e320a0f1c9a8751496017c2f298288368d' ]
37 info retry fetch attempt 1 at 16:28:40
38 verbose fetch to= /tmp/npm-8611-K8CIQrHF/registry.npmjs.org/learnyoureact/-/learnyoureact-0.9.7.tgz
39 http GET https://registry.npmjs.org/learnyoureact/-/learnyoureact-0.9.7.tgz
40 http 200 https://registry.npmjs.org/learnyoureact/-/learnyoureact-0.9.7.tgz
41 silly lockFile 65c034bf-youreact-learnyoureact-0-9-7-tgz https://registry.npmjs.org/learnyoureact/-/learnyoureact-0.9.7.tgz
42 silly lockFile 65c034bf-youreact-learnyoureact-0-9-7-tgz https://registry.npmjs.org/learnyoureact/-/learnyoureact-0.9.7.tgz
43 silly lockFile 859c007f-learnyoureact-0-9-7 learnyoureact@0.9.7
44 silly lockFile 859c007f-learnyoureact-0-9-7 learnyoureact@0.9.7
45 silly lockFile 0d75f34c-learnyoureact learnyoureact@
46 silly lockFile 0d75f34c-learnyoureact learnyoureact@
47 silly resolved [ { name: 'learnyoureact',
47 silly resolved     version: '0.9.7',
47 silly resolved     description: 'Learn React.js and server side rendering!',
47 silly resolved     main: 'learnyoureact.js',
47 silly resolved     bin: { learnyoureact: './learnyoureact.js' },
47 silly resolved     dependencies:
47 silly resolved      { bl: '~0.9.4',
47 silly resolved        'body-parser': '~1.12.3',
47 silly resolved        'colors-tmpl': '~1.0.0',
47 silly resolved        'express-react-views': '~0.7.2',
47 silly resolved        hyperquest: '~1.2.0',
47 silly resolved        express: '~4.12.3',
47 silly resolved        react: '~0.13.2',
47 silly resolved        through2: '~0.6.5',
47 silly resolved        'workshopper-adventure': '~3.4.5',
47 silly resolved        'workshopper-boilerplate': '~1.1.0',
47 silly resolved        'workshopper-wrappedexec': '~0.1.2',
47 silly resolved        'workshopper-exercise': '~2.3.0',
47 silly resolved        'node-jsx': '~0.13.3',
47 silly resolved        browserify: '~10.1.3',
47 silly resolved        reactify: '~1.1.1' },
47 silly resolved     devDependencies: {},
47 silly resolved     scripts: { test: 'echo "Error: no test specified" && exit 1' },
47 silly resolved     repository:
47 silly resolved      { type: 'git',
47 silly resolved        url: 'git://github.com/tako-black/learnyoureact.git' },
47 silly resolved     author: { name: 'Kohei TAKATA' },
47 silly resolved     license: 'MIT',
47 silly resolved     bugs: { url: 'https://github.com/tako-black/learnyoureact/issues' },
47 silly resolved     homepage: 'https://github.com/tako-black/learnyoureact',
47 silly resolved     preferGlobal: true,
47 silly resolved     keywords: [ 'react', 'learn', 'tutorial', 'workshopper' ],
47 silly resolved     gitHead: 'bcc7af9cbe2872bf9603e348818ddcb4e0b8f9fa',
47 silly resolved     _id: 'learnyoureact@0.9.7',
47 silly resolved     _shasum: 'e35e77e320a0f1c9a8751496017c2f298288368d',
47 silly resolved     _from: 'learnyoureact@',
47 silly resolved     _npmVersion: '2.7.4',
47 silly resolved     _nodeVersion: '0.12.2',
47 silly resolved     _npmUser: { name: 'tako_black', email: 'kt.koheitakata@gmail.com' },
47 silly resolved     dist:
47 silly resolved      { shasum: 'e35e77e320a0f1c9a8751496017c2f298288368d',
47 silly resolved        tarball: 'http://registry.npmjs.org/learnyoureact/-/learnyoureact-0.9.7.tgz' },
47 silly resolved     maintainers: [ [Object] ],
47 silly resolved     directories: {},
47 silly resolved     _resolved: 'https://registry.npmjs.org/learnyoureact/-/learnyoureact-0.9.7.tgz' } ]
48 info install learnyoureact@0.9.7 into /usr/lib
49 info installOne learnyoureact@0.9.7
50 verbose lib/node_modules/learnyoureact unbuild
51 verbose tar unpack /home/boom/.npm/learnyoureact/0.9.7/package.tgz
52 silly lockFile 670db94e-r-lib-node-modules-learnyoureact tar:///usr/lib/node_modules/learnyoureact
53 verbose lock tar:///usr/lib/node_modules/learnyoureact /home/boom/.npm/670db94e-r-lib-node-modules-learnyoureact.lock
54 silly lockFile 4919b45b--learnyoureact-0-9-7-package-tgz tar:///home/boom/.npm/learnyoureact/0.9.7/package.tgz
55 verbose lock tar:///home/boom/.npm/learnyoureact/0.9.7/package.tgz /home/boom/.npm/4919b45b--learnyoureact-0-9-7-package-tgz.lock
56 silly gunzTarPerm modes [ '775', '664' ]
57 error Error: EACCES, mkdir '/usr/lib/node_modules/learnyoureact'
57 error  { [Error: EACCES, mkdir '/usr/lib/node_modules/learnyoureact']
57 error   errno: 3,
57 error   code: 'EACCES',
57 error   path: '/usr/lib/node_modules/learnyoureact',
57 error   fstream_type: 'Directory',
57 error   fstream_path: '/usr/lib/node_modules/learnyoureact',
57 error   fstream_class: 'DirWriter',
57 error   fstream_stack:
57 error    [ '/usr/lib/node_modules/npm/node_modules/fstream/lib/dir-writer.js:36:23',
57 error      '/usr/lib/node_modules/npm/node_modules/mkdirp/index.js:46:53',
57 error      'Object.oncomplete (fs.js:108:15)' ] }
58 error Please try running this command again as root/Administrator.
59 error System Linux 3.13.0-48-generic
60 error command "/usr/bin/node" "/usr/bin/npm" "install" "-g" "learnyoureact"
61 error cwd /home/boom/workspace/nodeio
62 error node -v v0.10.37
63 error npm -v 1.4.28
64 error path /usr/lib/node_modules/learnyoureact
65 error fstream_path /usr/lib/node_modules/learnyoureact
66 error fstream_type Directory
67 error fstream_class DirWriter
68 error code EACCES
69 error errno 3
70 error stack Error: EACCES, mkdir '/usr/lib/node_modules/learnyoureact'
71 error fstream_stack /usr/lib/node_modules/npm/node_modules/fstream/lib/dir-writer.js:36:23
71 error fstream_stack /usr/lib/node_modules/npm/node_modules/mkdirp/index.js:46:53
71 error fstream_stack Object.oncomplete (fs.js:108:15)
72 verbose exit [ 3, true ]
