0 info it worked if it ends with ok
1 verbose cli [ '/usr/bin/node', '/usr/bin/npm', 'install', 'through2-map' ]
2 info using npm@1.4.28
3 info using node@v0.10.39
4 verbose node symlink /usr/bin/node
5 verbose config Skipping project config: /home/boom/.npmrc. (matches userconfig)
6 verbose cache add [ 'through2-map', null ]
7 verbose cache add name=undefined spec="through2-map" args=["through2-map",null]
8 verbose parsed url { protocol: null,
8 verbose parsed url   slashes: null,
8 verbose parsed url   auth: null,
8 verbose parsed url   host: null,
8 verbose parsed url   port: null,
8 verbose parsed url   hostname: null,
8 verbose parsed url   hash: null,
8 verbose parsed url   search: null,
8 verbose parsed url   query: null,
8 verbose parsed url   pathname: 'through2-map',
8 verbose parsed url   path: 'through2-map',
8 verbose parsed url   href: 'through2-map' }
9 silly lockFile c7179708-through2-map through2-map
10 verbose lock through2-map /home/boom/.npm/c7179708-through2-map.lock
11 silly lockFile c7179708-through2-map through2-map
12 silly lockFile c7179708-through2-map through2-map
13 verbose addNamed [ 'through2-map', '' ]
14 verbose addNamed [ null, '*' ]
15 silly lockFile 13533bc5-through2-map through2-map@
16 verbose lock through2-map@ /home/boom/.npm/13533bc5-through2-map.lock
17 silly addNameRange { name: 'through2-map', range: '*', hasData: false }
18 verbose request where is /through2-map
19 verbose request registry https://registry.npmjs.org/
20 verbose request id 4f2715ed27de8965
21 verbose url raw /through2-map
22 verbose url resolving [ 'https://registry.npmjs.org/', './through2-map' ]
23 verbose url resolved https://registry.npmjs.org/through2-map
24 verbose request where is https://registry.npmjs.org/through2-map
25 info trying registry request attempt 1 at 17:04:51
26 verbose etag "11MZ5VCS3WG0J4MW4DVB4T5G8"
27 http GET https://registry.npmjs.org/through2-map
28 http 304 https://registry.npmjs.org/through2-map
29 silly registry.get cb [ 304,
29 silly registry.get   { date: 'Thu, 02 Jul 2015 00:04:51 GMT',
29 silly registry.get     via: '1.1 varnish',
29 silly registry.get     'cache-control': 'max-age=60',
29 silly registry.get     etag: '"11MZ5VCS3WG0J4MW4DVB4T5G8"',
29 silly registry.get     age: '0',
29 silly registry.get     connection: 'keep-alive',
29 silly registry.get     'x-served-by': 'cache-lax1421-LAX',
29 silly registry.get     'x-cache': 'MISS',
29 silly registry.get     'x-cache-hits': '0',
29 silly registry.get     'x-timer': 'S1435795491.043413,VS0,VE74',
29 silly registry.get     vary: 'Accept' } ]
30 verbose etag https://registry.npmjs.org/through2-map from cache
31 silly addNameRange number 2 { name: 'through2-map', range: '*', hasData: true }
32 silly addNameRange versions [ 'through2-map',
32 silly addNameRange   [ '1.0.0',
32 silly addNameRange     '1.0.1',
32 silly addNameRange     '1.0.2',
32 silly addNameRange     '1.1.0',
32 silly addNameRange     '1.2.0',
32 silly addNameRange     '1.2.1',
32 silly addNameRange     '1.3.0',
32 silly addNameRange     '1.4.0',
32 silly addNameRange     '2.0.0' ] ]
33 verbose addNamed [ 'through2-map', '2.0.0' ]
34 verbose addNamed [ '2.0.0', '2.0.0' ]
35 silly lockFile c100c9ba-through2-map-2-0-0 through2-map@2.0.0
36 verbose lock through2-map@2.0.0 /home/boom/.npm/c100c9ba-through2-map-2-0-0.lock
37 silly lockFile 878cf4f1-ough2-map-through2-map-2-0-0-tgz https://registry.npmjs.org/through2-map/-/through2-map-2.0.0.tgz
38 verbose lock https://registry.npmjs.org/through2-map/-/through2-map-2.0.0.tgz /home/boom/.npm/878cf4f1-ough2-map-through2-map-2-0-0-tgz.lock
39 verbose addRemoteTarball [ 'https://registry.npmjs.org/through2-map/-/through2-map-2.0.0.tgz',
39 verbose addRemoteTarball   '46984672e2c2d8a41e176f56fb575beb64d8ed7e' ]
40 info retry fetch attempt 1 at 17:04:52
41 verbose fetch to= /tmp/npm-3082-zIOjLt_e/registry.npmjs.org/through2-map/-/through2-map-2.0.0.tgz
42 http GET https://registry.npmjs.org/through2-map/-/through2-map-2.0.0.tgz
43 http 200 https://registry.npmjs.org/through2-map/-/through2-map-2.0.0.tgz
44 silly lockFile 878cf4f1-ough2-map-through2-map-2-0-0-tgz https://registry.npmjs.org/through2-map/-/through2-map-2.0.0.tgz
45 silly lockFile 878cf4f1-ough2-map-through2-map-2-0-0-tgz https://registry.npmjs.org/through2-map/-/through2-map-2.0.0.tgz
46 silly lockFile c100c9ba-through2-map-2-0-0 through2-map@2.0.0
47 silly lockFile c100c9ba-through2-map-2-0-0 through2-map@2.0.0
48 silly lockFile 13533bc5-through2-map through2-map@
49 silly lockFile 13533bc5-through2-map through2-map@
50 error Error: EACCES, mkdir '/home/boom/.npm/through2-map/2.0.0'
50 error  { [Error: EACCES, mkdir '/home/boom/.npm/through2-map/2.0.0']
50 error   errno: 3,
50 error   code: 'EACCES',
50 error   path: '/home/boom/.npm/through2-map/2.0.0' }
51 error Please try running this command again as root/Administrator.
52 error System Linux 3.13.0-48-generic
53 error command "/usr/bin/node" "/usr/bin/npm" "install" "through2-map"
54 error cwd /home/boom/workspace/nodeio/l2node
55 error node -v v0.10.39
56 error npm -v 1.4.28
57 error path /home/boom/.npm/through2-map/2.0.0
58 error code EACCES
59 error errno 3
60 error stack Error: EACCES, mkdir '/home/boom/.npm/through2-map/2.0.0'
61 verbose exit [ 3, true ]
